Copyright 1986-2019 Xilinx, Inc. All Rights Reserved.
--------------------------------------------------------------------------------------
| Tool Version : Vivado v.2018.3.1 (win64) Build 2489853 Tue Mar 26 04:20:25 MDT 2019
| Date         : Wed Sep 11 12:27:06 2019
| Host         : DESKTOP-GG6LOIC running 64-bit major release  (build 9200)
| Command      : upgrade_ip
| Device       : xczu7ev-ffvc1156-2-e
--------------------------------------------------------------------------------------

Upgrade Log for IP 'design_1_Gamma_Aff_0_0'

1. Summary
----------

SUCCESS in the upgrade of design_1_Gamma_Aff_0_0 (xilinx.com:user:Gamma_Aff:1.0) from (Rev. 44) to (Rev. 45)






Copyright 1986-2019 Xilinx, Inc. All Rights Reserved.
--------------------------------------------------------------------------------------
| Tool Version : Vivado v.2018.3.1 (win64) Build 2489853 Tue Mar 26 04:20:25 MDT 2019
| Date         : Tue Sep 10 11:12:20 2019
| Host         : DESKTOP-GG6LOIC running 64-bit major release  (build 9200)
| Command      : upgrade_ip
| Device       : xczu7ev-ffvc1156-2-e
--------------------------------------------------------------------------------------

Upgrade Log for IP 'design_1_Results_0_0'

1. Summary
----------

SUCCESS in the upgrade of design_1_Results_0_0 (xilinx.com:user:Results:1.0) from (Rev. 11) to (Rev. 12)






Copyright 1986-2019 Xilinx, Inc. All Rights Reserved.
--------------------------------------------------------------------------------------
| Tool Version : Vivado v.2018.3.1 (win64) Build 2489853 Tue Mar 26 04:20:25 MDT 2019
| Date         : Wed Sep  4 16:45:16 2019
| Host         : DESKTOP-GG6LOIC running 64-bit major release  (build 9200)
| Command      : upgrade_ip
| Device       : xczu7ev-ffvc1156-2-e
--------------------------------------------------------------------------------------

Upgrade Log for IP 'design_1_Gamma_Aff_0_0'

1. Summary
----------

SUCCESS in the upgrade of design_1_Gamma_Aff_0_0 (xilinx.com:user:Gamma_Aff:1.0) from (Rev. 43) to (Rev. 44)






Copyright 1986-2019 Xilinx, Inc. All Rights Reserved.
--------------------------------------------------------------------------------------
| Tool Version : Vivado v.2018.3.1 (win64) Build 2489853 Tue Mar 26 04:20:25 MDT 2019
| Date         : Tue Sep  3 10:49:24 2019
| Host         : DESKTOP-GG6LOIC running 64-bit major release  (build 9200)
| Command      : upgrade_ip
| Device       : xczu7ev-ffvc1156-2-e
--------------------------------------------------------------------------------------

Upgrade Log for IP 'design_1_Gamma_Aff_0_0'

1. Summary
----------

CAUTION (success, with warnings) in the upgrade of design_1_Gamma_Aff_0_0 (xilinx.com:user:Gamma_Aff:1.0) from (Rev. 42) to (Rev. 43)

After upgrade, an IP may have parameter and port differences compared to the original customization. Please review the parameters within the IP customization GUI to ensure proper functionality. Also, please review the updated IP instantiation template to ensure proper connectivity, and update your design if required.

2. Connection Warnings
----------------------

Detected external port differences while upgrading 'design_1_Gamma_Aff_0_0'. These changes may impact your design.


-Upgrade has removed port 'debug_out_GmF_0'

-Upgrade has removed port 'debug_out_H_2_0_0'

-Upgrade has removed port 'debug_out_H_2_1_0'

-Upgrade has removed port 'debug_out_H_2_2_0'

-Upgrade has removed port 'debug_out_H_2_3_0'

-Upgrade has removed port 'debug_out_H_2_4_0'

-Upgrade has removed port 'debug_out_H_2_5_0'

-Upgrade has removed port 'debug_out_H_3_0_0'

-Upgrade has removed port 'debug_out_H_3_1_0'

-Upgrade has removed port 'debug_out_H_3_2_0'

-Upgrade has removed port 'debug_out_H_3_3_0'

-Upgrade has removed port 'debug_out_H_3_4_0'

-Upgrade has removed port 'debug_out_H_3_5_0'

-Upgrade has removed port 'debug_out_before_H_2_0_0'

-Upgrade has removed port 'debug_out_before_H_2_1_0'

-Upgrade has removed port 'debug_out_before_H_2_2_0'

-Upgrade has removed port 'debug_out_before_H_2_3_0'

-Upgrade has removed port 'debug_out_before_H_2_4_0'

-Upgrade has removed port 'debug_out_before_H_2_5_0'

-Upgrade has removed port 'debug_out_before_H_3_0_0'

-Upgrade has removed port 'debug_out_before_H_3_1_0'

-Upgrade has removed port 'debug_out_before_H_3_2_0'

-Upgrade has removed port 'debug_out_before_H_3_3_0'

-Upgrade has removed port 'debug_out_before_H_3_4_0'

-Upgrade has removed port 'debug_out_before_H_3_5_0'

-Upgrade has removed port 'debug_out_before_q_0_0'

-Upgrade has removed port 'debug_out_before_q_1_0'

-Upgrade has removed port 'debug_out_before_q_2_0'

-Upgrade has removed port 'debug_out_before_q_3_0'

-Upgrade has removed port 'debug_out_before_q_4_0'

-Upgrade has removed port 'debug_out_before_q_5_0'

-Upgrade has removed port 'debug_out_def_update_XX_iter_1_0'

-Upgrade has removed port 'debug_out_def_update_XX_iter_2_0'

-Upgrade has removed port 'debug_out_def_update_XX_iter_3_0'

-Upgrade has removed port 'debug_out_def_update_XY_iter_1_0'

-Upgrade has removed port 'debug_out_def_update_XY_iter_2_0'

-Upgrade has removed port 'debug_out_def_update_XY_iter_3_0'

-Upgrade has removed port 'debug_out_def_update_X_iter_1_0'

-Upgrade has removed port 'debug_out_def_update_X_iter_2_0'

-Upgrade has removed port 'debug_out_def_update_X_iter_3_0'

-Upgrade has removed port 'debug_out_def_update_YY_iter_1_0'

-Upgrade has removed port 'debug_out_def_update_YY_iter_2_0'

-Upgrade has removed port 'debug_out_def_update_YY_iter_3_0'

-Upgrade has removed port 'debug_out_def_update_Y_iter_1_0'

-Upgrade has removed port 'debug_out_def_update_Y_iter_2_0'

-Upgrade has removed port 'debug_out_def_update_Y_iter_3_0'

-Upgrade has removed port 'debug_out_def_update_Z_iter_1_0'

-Upgrade has removed port 'debug_out_def_update_Z_iter_2_0'

-Upgrade has removed port 'debug_out_def_update_Z_iter_3_0'

-Upgrade has removed port 'debug_out_in_mfgr_0_0'

-Upgrade has removed port 'debug_out_in_mfgr_1_0'

-Upgrade has removed port 'debug_out_in_mfgr_2_0'

-Upgrade has removed port 'debug_out_in_mfgr_3_0'

-Upgrade has removed port 'debug_out_in_mfgr_4_0'

-Upgrade has removed port 'debug_out_in_mfgr_5_0'

-Upgrade has removed port 'debug_out_in_q_0_0'

-Upgrade has removed port 'debug_out_in_q_1_0'

-Upgrade has removed port 'debug_out_in_q_2_0'

-Upgrade has removed port 'debug_out_in_q_3_0'

-Upgrade has removed port 'debug_out_in_q_4_0'

-Upgrade has removed port 'debug_out_in_q_5_0'

-Upgrade has removed port 'debug_out_mult_a_GmF_0_0'

-Upgrade has removed port 'debug_out_mult_a_GmF_1_0'

-Upgrade has removed port 'debug_out_mult_b_residulas_0_0'

-Upgrade has removed port 'debug_out_mult_b_residulas_1_0'

-Upgrade has removed port 'debug_out_mult_exp_normalized_residulas_0_0'

-Upgrade has removed port 'debug_out_mult_exp_normalized_residulas_1_0'

-Upgrade has removed port 'debug_out_mult_exp_residulas_0_0'

-Upgrade has removed port 'debug_out_mult_exp_residulas_1_0'

-Upgrade has removed port 'debug_out_mult_out_after_residulas_0_0'

-Upgrade has removed port 'debug_out_mult_out_after_residulas_1_0'

-Upgrade has removed port 'debug_out_mult_out_residulas_0_0'

-Upgrade has removed port 'debug_out_mult_out_residulas_1_0'

-Upgrade has removed port 'debug_out_mult_product_normalized_residulas_0_0'

-Upgrade has removed port 'debug_out_mult_product_normalized_residulas_1_0'

-Upgrade has removed port 'debug_out_mult_product_residulas_0_0'

-Upgrade has removed port 'debug_out_mult_product_residulas_1_0'

-Upgrade has removed port 'debug_out_parameters_XX_iter_1_0'

-Upgrade has removed port 'debug_out_parameters_XX_iter_2_0'

-Upgrade has removed port 'debug_out_parameters_XX_iter_3_0'

-Upgrade has removed port 'debug_out_parameters_XY_iter_1_0'

-Upgrade has removed port 'debug_out_parameters_XY_iter_2_0'

-Upgrade has removed port 'debug_out_parameters_XY_iter_3_0'

-Upgrade has removed port 'debug_out_parameters_X_iter_1_0'

-Upgrade has removed port 'debug_out_parameters_X_iter_2_0'

-Upgrade has removed port 'debug_out_parameters_X_iter_3_0'

-Upgrade has removed port 'debug_out_parameters_YY_iter_1_0'

-Upgrade has removed port 'debug_out_parameters_YY_iter_2_0'

-Upgrade has removed port 'debug_out_parameters_YY_iter_3_0'

-Upgrade has removed port 'debug_out_parameters_Y_iter_1_0'

-Upgrade has removed port 'debug_out_parameters_Y_iter_2_0'

-Upgrade has removed port 'debug_out_parameters_Y_iter_3_0'

-Upgrade has removed port 'debug_out_parameters_Z_iter_1_0'

-Upgrade has removed port 'debug_out_parameters_Z_iter_2_0'

-Upgrade has removed port 'debug_out_parameters_Z_iter_3_0'

-Upgrade has removed port 'debug_out_q_0_0'

-Upgrade has removed port 'debug_out_q_1_0'

-Upgrade has removed port 'debug_out_q_2_0'

-Upgrade has removed port 'debug_out_q_3_0'

-Upgrade has removed port 'debug_out_q_4_0'

-Upgrade has removed port 'debug_out_q_5_0'

-Upgrade has removed port 'debug_out_residuals_aff_cx_0'

-Upgrade has removed port 'debug_out_residuals_aff_cy_0'

-Upgrade has removed port 'debug_out_residuals_aff_dudx_0'

-Upgrade has removed port 'debug_out_residuals_aff_dvdy_0'

-Upgrade has removed port 'debug_out_residuals_aff_gx_0'

-Upgrade has removed port 'debug_out_residuals_aff_gxy_0'

-Upgrade has removed port 'debug_out_residuals_aff_gy_0'

-Upgrade has removed port 'debug_out_residuals_aff_theta_0'

-Upgrade has removed port 'debug_out_residuals_aff_x_0'

-Upgrade has removed port 'debug_out_residuals_aff_y_0'

-Upgrade has removed port 'debug_out_residuals_out_0'

-Upgrade has removed port 'debug_out_state_0'

-Upgrade has removed port 'debug_out_temp_q_0_0'

-Upgrade has removed port 'debug_out_temp_q_1_0'

-Upgrade has removed port 'debug_out_temp_q_2_0'

-Upgrade has removed port 'debug_out_temp_q_3_0'

-Upgrade has removed port 'debug_out_temp_q_4_0'

-Upgrade has removed port 'debug_out_temp_q_5_0'







Copyright 1986-2019 Xilinx, Inc. All Rights Reserved.
--------------------------------------------------------------------------------------
| Tool Version : Vivado v.2018.3.1 (win64) Build 2489853 Tue Mar 26 04:20:25 MDT 2019
| Date         : Fri Aug 30 09:39:09 2019
| Host         : DESKTOP-GG6LOIC running 64-bit major release  (build 9200)
| Command      : upgrade_ip
| Device       : xczu7ev-ffvc1156-2-e
--------------------------------------------------------------------------------------

Upgrade Log for IP 'design_1_Gamma_Aff_0_0'

1. Summary
----------

SUCCESS in the upgrade of design_1_Gamma_Aff_0_0 (xilinx.com:user:Gamma_Aff:1.0) from (Rev. 41) to (Rev. 42)






Copyright 1986-2019 Xilinx, Inc. All Rights Reserved.
--------------------------------------------------------------------------------------
| Tool Version : Vivado v.2018.3.1 (win64) Build 2489853 Tue Mar 26 04:20:25 MDT 2019
| Date         : Fri Aug 30 08:16:08 2019
| Host         : DESKTOP-GG6LOIC running 64-bit major release  (build 9200)
| Command      : upgrade_ip
| Device       : xczu7ev-ffvc1156-2-e
--------------------------------------------------------------------------------------

Upgrade Log for IP 'design_1_Gamma_Aff_0_0'

1. Summary
----------

SUCCESS in the upgrade of design_1_Gamma_Aff_0_0 (xilinx.com:user:Gamma_Aff:1.0) from (Rev. 40) to (Rev. 41)






Copyright 1986-2019 Xilinx, Inc. All Rights Reserved.
--------------------------------------------------------------------------------------
| Tool Version : Vivado v.2018.3.1 (win64) Build 2489853 Tue Mar 26 04:20:25 MDT 2019
| Date         : Thu Aug 29 12:21:51 2019
| Host         : DESKTOP-GG6LOIC running 64-bit major release  (build 9200)
| Command      : upgrade_ip
| Device       : xczu7ev-ffvc1156-2-e
--------------------------------------------------------------------------------------

Upgrade Log for IP 'design_1_Gamma_Aff_0_0'

1. Summary
----------

SUCCESS in the upgrade of design_1_Gamma_Aff_0_0 (xilinx.com:user:Gamma_Aff:1.0) from (Rev. 39) to (Rev. 40)






Copyright 1986-2019 Xilinx, Inc. All Rights Reserved.
--------------------------------------------------------------------------------------
| Tool Version : Vivado v.2018.3.1 (win64) Build 2489853 Tue Mar 26 04:20:25 MDT 2019
| Date         : Thu Aug 29 10:54:29 2019
| Host         : DESKTOP-GG6LOIC running 64-bit major release  (build 9200)
| Command      : upgrade_ip
| Device       : xczu7ev-ffvc1156-2-e
--------------------------------------------------------------------------------------

Upgrade Log for IP 'design_1_Gamma_Aff_0_0'

1. Summary
----------

SUCCESS in the upgrade of design_1_Gamma_Aff_0_0 (xilinx.com:user:Gamma_Aff:1.0) from (Rev. 38) to (Rev. 39)






Copyright 1986-2019 Xilinx, Inc. All Rights Reserved.
--------------------------------------------------------------------------------------
| Tool Version : Vivado v.2018.3.1 (win64) Build 2489853 Tue Mar 26 04:20:25 MDT 2019
| Date         : Wed Aug 28 10:09:47 2019
| Host         : DESKTOP-GG6LOIC running 64-bit major release  (build 9200)
| Command      : upgrade_ip
| Device       : xczu7ev-ffvc1156-2-e
--------------------------------------------------------------------------------------

Upgrade Log for IP 'design_1_Gamma_Aff_0_0'

1. Summary
----------

SUCCESS in the upgrade of design_1_Gamma_Aff_0_0 (xilinx.com:user:Gamma_Aff:1.0) from (Rev. 37) to (Rev. 38)






Copyright 1986-2019 Xilinx, Inc. All Rights Reserved.
--------------------------------------------------------------------------------------
| Tool Version : Vivado v.2018.3.1 (win64) Build 2489853 Tue Mar 26 04:20:25 MDT 2019
| Date         : Wed Aug 28 09:24:13 2019
| Host         : DESKTOP-GG6LOIC running 64-bit major release  (build 9200)
| Command      : upgrade_ip
| Device       : xczu7ev-ffvc1156-2-e
--------------------------------------------------------------------------------------

Upgrade Log for IP 'design_1_Gamma_Aff_0_0'

1. Summary
----------

SUCCESS in the upgrade of design_1_Gamma_Aff_0_0 (xilinx.com:user:Gamma_Aff:1.0) from (Rev. 36) to (Rev. 37)






Copyright 1986-2019 Xilinx, Inc. All Rights Reserved.
--------------------------------------------------------------------------------------
| Tool Version : Vivado v.2018.3.1 (win64) Build 2489853 Tue Mar 26 04:20:25 MDT 2019
| Date         : Tue Aug 27 13:33:00 2019
| Host         : DESKTOP-GG6LOIC running 64-bit major release  (build 9200)
| Command      : upgrade_ip
| Device       : xczu7ev-ffvc1156-2-e
--------------------------------------------------------------------------------------

Upgrade Log for IP 'design_1_Gamma_Aff_0_0'

1. Summary
----------

CAUTION (success, with warnings) in the upgrade of design_1_Gamma_Aff_0_0 (xilinx.com:user:Gamma_Aff:1.0) from (Rev. 35) to (Rev. 36)

After upgrade, an IP may have parameter and port differences compared to the original customization. Please review the parameters within the IP customization GUI to ensure proper functionality. Also, please review the updated IP instantiation template to ensure proper connectivity, and update your design if required.

2. Connection Warnings
----------------------

Detected external port differences while upgrading 'design_1_Gamma_Aff_0_0'. These changes may impact your design.


-Upgrade has added port 'debug_out_mult_exp_normalized_residulas_0_0'

-Upgrade has added port 'debug_out_mult_exp_normalized_residulas_1_0'

-Upgrade has added port 'debug_out_mult_product_normalized_residulas_0_0'

-Upgrade has added port 'debug_out_mult_product_normalized_residulas_1_0'







Copyright 1986-2019 Xilinx, Inc. All Rights Reserved.
--------------------------------------------------------------------------------------
| Tool Version : Vivado v.2018.3.1 (win64) Build 2489853 Tue Mar 26 04:20:25 MDT 2019
| Date         : Tue Aug 27 11:58:20 2019
| Host         : DESKTOP-GG6LOIC running 64-bit major release  (build 9200)
| Command      : upgrade_ip
| Device       : xczu7ev-ffvc1156-2-e
--------------------------------------------------------------------------------------

Upgrade Log for IP 'design_1_Gamma_Aff_0_0'

1. Summary
----------

CAUTION (success, with warnings) in the upgrade of design_1_Gamma_Aff_0_0 (xilinx.com:user:Gamma_Aff:1.0) from (Rev. 34) to (Rev. 35)

After upgrade, an IP may have parameter and port differences compared to the original customization. Please review the parameters within the IP customization GUI to ensure proper functionality. Also, please review the updated IP instantiation template to ensure proper connectivity, and update your design if required.

2. Connection Warnings
----------------------

Detected external port differences while upgrading 'design_1_Gamma_Aff_0_0'. These changes may impact your design.


-Upgrade has added port 'debug_out_mult_exp_residulas_0_0'

-Upgrade has added port 'debug_out_mult_exp_residulas_1_0'

-Upgrade has added port 'debug_out_mult_product_residulas_0_0'

-Upgrade has added port 'debug_out_mult_product_residulas_1_0'







Copyright 1986-2019 Xilinx, Inc. All Rights Reserved.
--------------------------------------------------------------------------------------
| Tool Version : Vivado v.2018.3.1 (win64) Build 2489853 Tue Mar 26 04:20:25 MDT 2019
| Date         : Tue Aug 27 10:25:01 2019
| Host         : DESKTOP-GG6LOIC running 64-bit major release  (build 9200)
| Command      : upgrade_ip
| Device       : xczu7ev-ffvc1156-2-e
--------------------------------------------------------------------------------------

Upgrade Log for IP 'design_1_Gamma_Aff_0_0'

1. Summary
----------

SUCCESS in the upgrade of design_1_Gamma_Aff_0_0 (xilinx.com:user:Gamma_Aff:1.0) from (Rev. 33) to (Rev. 34)






Copyright 1986-2019 Xilinx, Inc. All Rights Reserved.
--------------------------------------------------------------------------------------
| Tool Version : Vivado v.2018.3.1 (win64) Build 2489853 Tue Mar 26 04:20:25 MDT 2019
| Date         : Tue Aug 27 08:53:03 2019
| Host         : DESKTOP-GG6LOIC running 64-bit major release  (build 9200)
| Command      : upgrade_ip
| Device       : xczu7ev-ffvc1156-2-e
--------------------------------------------------------------------------------------

Upgrade Log for IP 'design_1_Gamma_Aff_0_0'

1. Summary
----------

CAUTION (success, with warnings) in the upgrade of design_1_Gamma_Aff_0_0 (xilinx.com:user:Gamma_Aff:1.0) from (Rev. 32) to (Rev. 33)

After upgrade, an IP may have parameter and port differences compared to the original customization. Please review the parameters within the IP customization GUI to ensure proper functionality. Also, please review the updated IP instantiation template to ensure proper connectivity, and update your design if required.

2. Connection Warnings
----------------------

Detected external port differences while upgrading 'design_1_Gamma_Aff_0_0'. These changes may impact your design.


-Upgrade has removed port 'debug_out_mult_out_GmF_0_0'

-Upgrade has removed port 'debug_out_mult_out_GmF_1_0'

-Upgrade has added port 'debug_out_mult_out_after_residulas_0_0'

-Upgrade has added port 'debug_out_mult_out_after_residulas_1_0'







Copyright 1986-2019 Xilinx, Inc. All Rights Reserved.
--------------------------------------------------------------------------------------
| Tool Version : Vivado v.2018.3.1 (win64) Build 2489853 Tue Mar 26 04:20:25 MDT 2019
| Date         : Mon Aug 26 16:19:51 2019
| Host         : DESKTOP-GG6LOIC running 64-bit major release  (build 9200)
| Command      : upgrade_ip
| Device       : xczu7ev-ffvc1156-2-e
--------------------------------------------------------------------------------------

Upgrade Log for IP 'design_1_Gamma_Aff_0_0'

1. Summary
----------

CAUTION (success, with warnings) in the upgrade of design_1_Gamma_Aff_0_0 (xilinx.com:user:Gamma_Aff:1.0) from (Rev. 31) to (Rev. 32)

After upgrade, an IP may have parameter and port differences compared to the original customization. Please review the parameters within the IP customization GUI to ensure proper functionality. Also, please review the updated IP instantiation template to ensure proper connectivity, and update your design if required.

2. Connection Warnings
----------------------

Detected external port differences while upgrading 'design_1_Gamma_Aff_0_0'. These changes may impact your design.


-Upgrade has added port 'debug_out_mult_a_GmF_0_0'

-Upgrade has added port 'debug_out_mult_a_GmF_1_0'

-Upgrade has added port 'debug_out_mult_b_residulas_0_0'

-Upgrade has added port 'debug_out_mult_b_residulas_1_0'

-Upgrade has added port 'debug_out_mult_out_GmF_0_0'

-Upgrade has added port 'debug_out_mult_out_GmF_1_0'

-Upgrade has added port 'debug_out_mult_out_residulas_0_0'

-Upgrade has added port 'debug_out_mult_out_residulas_1_0'







Copyright 1986-2019 Xilinx, Inc. All Rights Reserved.
--------------------------------------------------------------------------------------
| Tool Version : Vivado v.2018.3.1 (win64) Build 2489853 Tue Mar 26 04:20:25 MDT 2019
| Date         : Mon Aug 26 12:14:16 2019
| Host         : DESKTOP-GG6LOIC running 64-bit major release  (build 9200)
| Command      : upgrade_ip
| Device       : xczu7ev-ffvc1156-2-e
--------------------------------------------------------------------------------------

Upgrade Log for IP 'design_1_Gamma_Aff_0_0'

1. Summary
----------

SUCCESS in the upgrade of design_1_Gamma_Aff_0_0 (xilinx.com:user:Gamma_Aff:1.0) from (Rev. 30) to (Rev. 31)






Copyright 1986-2019 Xilinx, Inc. All Rights Reserved.
--------------------------------------------------------------------------------------
| Tool Version : Vivado v.2018.3.1 (win64) Build 2489853 Tue Mar 26 04:20:25 MDT 2019
| Date         : Tue Aug 13 13:24:45 2019
| Host         : DESKTOP-GG6LOIC running 64-bit major release  (build 9200)
| Command      : upgrade_ip
| Device       : xczu7ev-ffvc1156-2-e
--------------------------------------------------------------------------------------

Upgrade Log for IP 'design_1_Interface_1_0'

1. Summary
----------

SUCCESS in the upgrade of design_1_Interface_1_0 (xilinx.com:user:Interface:1.0) from (Rev. 11) to (Rev. 12)

